# JRE version: Java(TM) SE Runtime Environment (8.0_72-b15) (build 1.8.0_72-b15)
# Java VM: Java HotSpot(TM) 64-Bit Server VM (25.72-b15 mixed mode windows-amd64 compressed oops)
Heap:
 PSYoungGen      total 110080K, used 31749K [0x00000000eab00000, 0x00000000f9300000, 0x0000000100000000)
  eden space 96256K, 32% used [0x00000000eab00000,0x00000000eca01668,0x00000000f0900000)
  from space 13824K, 0% used [0x00000000f0900000,0x00000000f0900000,0x00000000f1680000)
  to   space 22528K, 0% used [0x00000000f7d00000,0x00000000f7d00000,0x00000000f9300000)
 ParOldGen       total 32768K, used 32733K [0x00000000c0000000, 0x00000000c2000000, 0x00000000eab00000)
  object space 32768K, 99% used [0x00000000c0000000,0x00000000c1ff76c0,0x00000000c2000000)
 Metaspace       used 6570K, capacity 7256K, committed 7424K, reserved 1056768K
  class space    used 626K, capacity 656K, committed 768K, reserved 1048576K
GC Heap History (10 events):
Event: 22.527 GC heap before
{Heap before GC invocations=5 (full 0):
 PSYoungGen      total 51200K, used 51170K [0x00000000eab00000, 0x00000000edf00000, 0x0000000100000000)
  eden space 49152K, 100% used [0x00000000eab00000,0x00000000edb00000,0x00000000edb00000)
  from space 2048K, 98% used [0x00000000edd00000,0x00000000edef8868,0x00000000edf00000)
  to   space 2048K, 0% used [0x00000000edb00000,0x00000000edb00000,0x00000000edd00000)
 ParOldGen       total 32768K, used 9685K [0x00000000c0000000, 0x00000000c2000000, 0x00000000eab00000)
  object space 32768K, 29% used [0x00000000c0000000,0x00000000c0975448,0x00000000c2000000)
 Metaspace       used 6292K, capacity 7090K, committed 7296K, reserved 1056768K
  class space    used 606K, capacity 618K, committed 640K, reserved 1048576K
Event: 22.655 GC heap after
Heap after GC invocations=5 (full 0):
 PSYoungGen      total 51200K, used 2034K [0x00000000eab00000, 0x00000000f2200000, 0x0000000100000000)
  eden space 49152K, 0% used [0x00000000eab00000,0x00000000eab00000,0x00000000edb00000)
  from space 2048K, 99% used [0x00000000edb00000,0x00000000edcfc878,0x00000000edd00000)
  to   space 11776K, 0% used [0x00000000f1680000,0x00000000f1680000,0x00000000f2200000)
 ParOldGen       total 32768K, used 17439K [0x00000000c0000000, 0x00000000c2000000, 0x00000000eab00000)
  object space 32768K, 53% used [0x00000000c0000000,0x00000000c1107ef0,0x00000000c2000000)
 Metaspace       used 6292K, capacity 7090K, committed 7296K, reserved 1056768K
  class space    used 606K, capacity 618K, committed 640K, reserved 1048576K
}
Event: 24.424 GC heap before
{Heap before GC invocations=6 (full 0):
 PSYoungGen      total 51200K, used 51186K [0x00000000eab00000, 0x00000000f2200000, 0x0000000100000000)
  eden space 49152K, 100% used [0x00000000eab00000,0x00000000edb00000,0x00000000edb00000)
  from space 2048K, 99% used [0x00000000edb00000,0x00000000edcfc878,0x00000000edd00000)
  to   space 11776K, 0% used [0x00000000f1680000,0x00000000f1680000,0x00000000f2200000)
 ParOldGen       total 32768K, used 17439K [0x00000000c0000000, 0x00000000c2000000, 0x00000000eab00000)
  object space 32768K, 53% used [0x00000000c0000000,0x00000000c1107ef0,0x00000000c2000000)
 Metaspace       used 6350K, capacity 7154K, committed 7296K, reserved 1056768K
  class space    used 606K, capacity 618K, committed 640K, reserved 1048576K
Event: 24.813 GC heap after
Heap after GC invocations=6 (full 0):
 PSYoungGen      total 108032K, used 10242K [0x00000000eab00000, 0x00000000f2600000, 0x0000000100000000)
  eden space 96256K, 0% used [0x00000000eab00000,0x00000000eab00000,0x00000000f0900000)
  from space 11776K, 86% used [0x00000000f1680000,0x00000000f2080868,0x00000000f2200000)
  to   space 13824K, 0% used [0x00000000f0900000,0x00000000f0900000,0x00000000f1680000)
 ParOldGen       total 32768K, used 17447K [0x00000000c0000000, 0x00000000c2000000, 0x00000000eab00000)
  object space 32768K, 53% used [0x00000000c0000000,0x00000000c1109ef0,0x00000000c2000000)
 Metaspace       used 6350K, capacity 7154K, committed 7296K, reserved 1056768K
  class space    used 606K, capacity 618K, committed 640K, reserved 1048576K
}
Event: 28.433 GC heap before
{Heap before GC invocations=7 (full 0):
 PSYoungGen      total 108032K, used 106498K [0x00000000eab00000, 0x00000000f2600000, 0x0000000100000000)
  eden space 96256K, 100% used [0x00000000eab00000,0x00000000f0900000,0x00000000f0900000)
  from space 11776K, 86% used [0x00000000f1680000,0x00000000f2080868,0x00000000f2200000)
  to   space 13824K, 0% used [0x00000000f0900000,0x00000000f0900000,0x00000000f1680000)
 ParOldGen       total 32768K, used 17447K [0x00000000c0000000, 0x00000000c2000000, 0x00000000eab00000)
  object space 32768K, 53% used [0x00000000c0000000,0x00000000c1109ef0,0x00000000c2000000)
 Metaspace       used 6463K, capacity 7218K, committed 7296K, reserved 1056768K
  class space    used 606K, capacity 618K, committed 640K, reserved 1048576K
Event: 28.734 GC heap after
Heap after GC invocations=7 (full 0):
 PSYoungGen      total 110080K, used 13815K [0x00000000eab00000, 0x00000000f9300000, 0x0000000100000000)
  eden space 96256K, 0% used [0x00000000eab00000,0x00000000eab00000,0x00000000f0900000)
  from space 13824K, 99% used [0x00000000f0900000,0x00000000f167deb0,0x00000000f1680000)
  to   space 22528K, 0% used [0x00000000f7d00000,0x00000000f7d00000,0x00000000f9300000)
 ParOldGen       total 32768K, used 29561K [0x00000000c0000000, 0x00000000c2000000, 0x00000000eab00000)
  object space 32768K, 90% used [0x00000000c0000000,0x00000000c1cde588,0x00000000c2000000)
 Metaspace       used 6463K, capacity 7218K, committed 7296K, reserved 1056768K
  class space    used 606K, capacity 618K, committed 640K, reserved 1048576K
}
Event: 28.734 GC heap before
{Heap before GC invocations=8 (full 1):
 PSYoungGen      total 110080K, used 13815K [0x00000000eab00000, 0x00000000f9300000, 0x0000000100000000)
  eden space 96256K, 0% used [0x00000000eab00000,0x00000000eab00000,0x00000000f0900000)
  from space 13824K, 99% used [0x00000000f0900000,0x00000000f167deb0,0x00000000f1680000)
  to   space 22528K, 0% used [0x00000000f7d00000,0x00000000f7d00000,0x00000000f9300000)
 ParOldGen       total 32768K, used 29561K [0x00000000c0000000, 0x00000000c2000000, 0x00000000eab00000)
  object space 32768K, 90% used [0x00000000c0000000,0x00000000c1cde588,0x00000000c2000000)
 Metaspace       used 6463K, capacity 7218K, committed 7296K, reserved 1056768K
  class space    used 606K, capacity 618K, committed 640K, reserved 1048576K
Event: 30.979 GC heap after
Heap after GC invocations=8 (full 1):
 PSYoungGen      total 110080K, used 7621K [0x00000000eab00000, 0x00000000f9300000, 0x0000000100000000)
  eden space 96256K, 0% used [0x00000000eab00000,0x00000000eab00000,0x00000000f0900000)
  from space 13824K, 55% used [0x00000000f0900000,0x00000000f1071668,0x00000000f1680000)
  to   space 22528K, 0% used [0x00000000f7d00000,0x00000000f7d00000,0x00000000f9300000)
 ParOldGen       total 32768K, used 32613K [0x00000000c0000000, 0x00000000c2000000, 0x00000000eab00000)
  object space 32768K, 99% used [0x00000000c0000000,0x00000000c1fd9670,0x00000000c2000000)
 Metaspace       used 6463K, capacity 7218K, committed 7296K, reserved 1056768K
  class space    used 606K, capacity 618K, committed 640K, reserved 1048576K
}
Event: 32.766 GC heap before
{Heap before GC invocations=9 (full 2):
 PSYoungGen      total 110080K, used 103877K [0x00000000eab00000, 0x00000000f9300000, 0x0000000100000000)
  eden space 96256K, 100% used [0x00000000eab00000,0x00000000f0900000,0x00000000f0900000)
  from space 13824K, 55% used [0x00000000f0900000,0x00000000f1071668,0x00000000f1680000)
  to   space 22528K, 0% used [0x00000000f7d00000,0x00000000f7d00000,0x00000000f9300000)
 ParOldGen       total 32768K, used 32613K [0x00000000c0000000, 0x00000000c2000000, 0x00000000eab00000)
  object space 32768K, 99% used [0x00000000c0000000,0x00000000c1fd9670,0x00000000c2000000)
 Metaspace       used 6568K, capacity 7256K, committed 7424K, reserved 1056768K
  class space    used 626K, capacity 656K, committed 768K, reserved 1048576K
Event: 35.676 GC heap after
Heap after GC invocations=9 (full 2):
 PSYoungGen      total 110080K, used 21426K [0x00000000eab00000, 0x00000000f9300000, 0x0000000100000000)
  eden space 96256K, 22% used [0x00000000eab00000,0x00000000ebfecbc0,0x00000000f0900000)
  from space 13824K, 0% used [0x00000000f0900000,0x00000000f0900000,0x00000000f1680000)
  to   space 22528K, 0% used [0x00000000f7d00000,0x00000000f7d00000,0x00000000f9300000)
 ParOldGen       total 32768K, used 32733K [0x00000000c0000000, 0x00000000c2000000, 0x00000000eab00000)
  object space 32768K, 99% used [0x00000000c0000000,0x00000000c1ff76c0,0x00000000c2000000)
 Metaspace       used 6568K, capacity 7256K, committed 7424K, reserved 1056768K
  class space    used 626K, capacity 656K, committed 768K, reserved 1048576K
}

